<?xml version="1.0" encoding="UTF-8"?>
<coverage generated="1768085956635" clover="3.2.0">
  <project timestamp="1768085956635" name="All files">
    <metrics statements="68" coveredstatements="67" conditionals="30" coveredconditionals="28" methods="8" coveredmethods="8" elements="106" coveredelements="103" complexity="0" loc="68" ncloc="68" packages="1" files="1" classes="1"/>
    <file name="utils.ts" path="/Users/momisback/Desktop/Emilanny/GeneHub/genehub-bacteria/src/lib/utils.ts">
      <metrics statements="68" coveredstatements="67" conditionals="30" coveredconditionals="28" methods="8" coveredmethods="8"/>
      <line num="13" count="14" type="stmt"/>
      <line num="21" count="11" type="stmt"/>
      <line num="28" count="6" type="stmt"/>
      <line num="35" count="6" type="stmt"/>
      <line num="41" count="2" type="stmt"/>
      <line num="47" count="39" type="stmt"/>
      <line num="52" count="2" type="stmt"/>
      <line num="55" count="2" type="stmt"/>
      <line num="83" count="18" type="stmt"/>
      <line num="84" count="18" type="stmt"/>
      <line num="87" count="18" type="stmt"/>
      <line num="88" count="18" type="stmt"/>
      <line num="92" count="18" type="stmt"/>
      <line num="94" count="18" type="stmt"/>
      <line num="95" count="16" type="stmt"/>
      <line num="96" count="16" type="stmt"/>
      <line num="97" count="16" type="stmt"/>
      <line num="98" count="16" type="stmt"/>
      <line num="99" count="19" type="stmt"/>
      <line num="101" count="16" type="stmt"/>
      <line num="105" count="18" type="stmt"/>
      <line num="106" count="16" type="stmt"/>
      <line num="107" count="16" type="stmt"/>
      <line num="108" count="19" type="cond" truecount="2" falsecount="0"/>
      <line num="109" count="18" type="stmt"/>
      <line num="110" count="18" type="stmt"/>
      <line num="111" count="18" type="stmt"/>
      <line num="113" count="19" type="stmt"/>
      <line num="115" count="16" type="stmt"/>
      <line num="119" count="18" type="stmt"/>
      <line num="122" count="18" type="stmt"/>
      <line num="124" count="18" type="stmt"/>
      <line num="125" count="56" type="stmt"/>
      <line num="126" count="56" type="cond" truecount="2" falsecount="0"/>
      <line num="127" count="19" type="stmt"/>
      <line num="128" count="37" type="cond" truecount="2" falsecount="0"/>
      <line num="130" count="24" type="stmt"/>
      <line num="133" count="24" type="stmt"/>
      <line num="135" count="24" type="stmt"/>
      <line num="136" count="9" type="stmt"/>
      <line num="137" count="9" type="stmt"/>
      <line num="139" count="9" type="cond" truecount="2" falsecount="0"/>
      <line num="140" count="8" type="stmt"/>
      <line num="149" count="24" type="cond" truecount="2" falsecount="0"/>
      <line num="150" count="18" type="stmt"/>
      <line num="152" count="6" type="stmt"/>
      <line num="153" count="6" type="stmt"/>
      <line num="154" count="8" type="cond" truecount="1" falsecount="1"/>
      <line num="155" count="8" type="stmt"/>
      <line num="157" count="8" type="stmt"/>
      <line num="158" count="8" type="stmt"/>
      <line num="160" count="6" type="cond" truecount="2" falsecount="0"/>
      <line num="161" count="5" type="stmt"/>
      <line num="168" count="18" type="cond" truecount="1" falsecount="1"/>
      <line num="169" count="0" type="stmt"/>
      <line num="172" count="18" type="stmt"/>
      <line num="181" count="8" type="stmt"/>
      <line num="182" count="8" type="cond" truecount="2" falsecount="0"/>
      <line num="183" count="8" type="cond" truecount="2" falsecount="0"/>
      <line num="185" count="8" type="cond" truecount="2" falsecount="0"/>
      <line num="186" count="2" type="stmt"/>
      <line num="188" count="6" type="cond" truecount="2" falsecount="0"/>
      <line num="189" count="1" type="stmt"/>
      <line num="191" count="5" type="cond" truecount="2" falsecount="0"/>
      <line num="192" count="1" type="stmt"/>
      <line num="194" count="4" type="cond" truecount="2" falsecount="0"/>
      <line num="195" count="1" type="stmt"/>
      <line num="197" count="3" type="stmt"/>
    </file>
  </project>
</coverage>
