{"/Users/momisback/Desktop/Emilanny/GeneHub/genehub-bacteria/src/lib/utils.ts": {"path":"/Users/momisback/Desktop/Emilanny/GeneHub/genehub-bacteria/src/lib/utils.ts","statementMap":{"0":{"start":{"line":13,"column":2},"end":{"line":13,"column":37}},"1":{"start":{"line":21,"column":2},"end":{"line":21,"column":39}},"2":{"start":{"line":28,"column":2},"end":{"line":28,"column":78}},"3":{"start":{"line":35,"column":2},"end":{"line":35,"column":45}},"4":{"start":{"line":41,"column":21},"end":{"line":41,"column":71}},"5":{"start":{"line":47,"column":2},"end":{"line":47,"column":79}},"6":{"start":{"line":47,"column":43},"end":{"line":47,"column":68}},"7":{"start":{"line":52,"column":28},"end":{"line":52,"column":58}},"8":{"start":{"line":55,"column":35},"end":{"line":65,"column":1}},"9":{"start":{"line":83,"column":28},"end":{"line":83,"column":30}},"10":{"start":{"line":84,"column":22},"end":{"line":84,"column":26}},"11":{"start":{"line":87,"column":22},"end":{"line":87,"column":77}},"12":{"start":{"line":88,"column":20},"end":{"line":88,"column":45}},"13":{"start":{"line":92,"column":69},"end":{"line":92,"column":71}},"14":{"start":{"line":94,"column":2},"end":{"line":102,"column":3}},"15":{"start":{"line":95,"column":26},"end":{"line":95,"column":28}},"16":{"start":{"line":96,"column":22},"end":{"line":96,"column":30}},"17":{"start":{"line":97,"column":22},"end":{"line":97,"column":53}},"18":{"start":{"line":98,"column":4},"end":{"line":100,"column":5}},"19":{"start":{"line":99,"column":6},"end":{"line":99,"column":27}},"20":{"start":{"line":101,"column":4},"end":{"line":101,"column":43}},"21":{"start":{"line":105,"column":2},"end":{"line":116,"column":3}},"22":{"start":{"line":106,"column":22},"end":{"line":106,"column":24}},"23":{"start":{"line":107,"column":4},"end":{"line":114,"column":5}},"24":{"start":{"line":108,"column":6},"end":{"line":112,"column":7}},"25":{"start":{"line":109,"column":20},"end":{"line":109,"column":35}},"26":{"start":{"line":110,"column":8},"end":{"line":110,"column":31}},"27":{"start":{"line":111,"column":8},"end":{"line":111,"column":48}},"28":{"start":{"line":113,"column":6},"end":{"line":113,"column":52}},"29":{"start":{"line":115,"column":4},"end":{"line":115,"column":68}},"30":{"start":{"line":119,"column":30},"end":{"line":119,"column":32}},"31":{"start":{"line":122,"column":19},"end":{"line":122,"column":55}},"32":{"start":{"line":124,"column":2},"end":{"line":165,"column":3}},"33":{"start":{"line":125,"column":21},"end":{"line":125,"column":48}},"34":{"start":{"line":126,"column":4},"end":{"line":164,"column":5}},"35":{"start":{"line":127,"column":6},"end":{"line":127,"column":113}},"36":{"start":{"line":128,"column":11},"end":{"line":164,"column":5}},"37":{"start":{"line":130,"column":79},"end":{"line":130,"column":81}},"38":{"start":{"line":133,"column":6},"end":{"line":133,"column":33}},"39":{"start":{"line":135,"column":6},"end":{"line":146,"column":7}},"40":{"start":{"line":136,"column":21},"end":{"line":136,"column":33}},"41":{"start":{"line":137,"column":23},"end":{"line":137,"column":53}},"42":{"start":{"line":139,"column":8},"end":{"line":145,"column":9}},"43":{"start":{"line":140,"column":10},"end":{"line":144,"column":13}},"44":{"start":{"line":149,"column":6},"end":{"line":163,"column":7}},"45":{"start":{"line":150,"column":8},"end":{"line":150,"column":51}},"46":{"start":{"line":152,"column":22},"end":{"line":152,"column":23}},"47":{"start":{"line":153,"column":8},"end":{"line":159,"column":9}},"48":{"start":{"line":154,"column":10},"end":{"line":156,"column":11}},"49":{"start":{"line":155,"column":12},"end":{"line":155,"column":80}},"50":{"start":{"line":157,"column":10},"end":{"line":157,"column":75}},"51":{"start":{"line":158,"column":10},"end":{"line":158,"column":27}},"52":{"start":{"line":160,"column":8},"end":{"line":162,"column":9}},"53":{"start":{"line":161,"column":10},"end":{"line":161,"column":68}},"54":{"start":{"line":168,"column":2},"end":{"line":170,"column":3}},"55":{"start":{"line":169,"column":4},"end":{"line":169,"column":47}},"56":{"start":{"line":172,"column":2},"end":{"line":172,"column":46}},"57":{"start":{"line":181,"column":12},"end":{"line":181,"column":24}},"58":{"start":{"line":182,"column":18},"end":{"line":182,"column":45}},"59":{"start":{"line":183,"column":17},"end":{"line":183,"column":48}},"60":{"start":{"line":185,"column":2},"end":{"line":187,"column":3}},"61":{"start":{"line":186,"column":4},"end":{"line":186,"column":74}},"62":{"start":{"line":188,"column":2},"end":{"line":190,"column":3}},"63":{"start":{"line":189,"column":4},"end":{"line":189,"column":82}},"64":{"start":{"line":191,"column":2},"end":{"line":193,"column":3}},"65":{"start":{"line":192,"column":4},"end":{"line":192,"column":61}},"66":{"start":{"line":194,"column":2},"end":{"line":196,"column":3}},"67":{"start":{"line":195,"column":4},"end":{"line":195,"column":79}},"68":{"start":{"line":197,"column":2},"end":{"line":197,"column":41}}},"fnMap":{"0":{"name":"normalizeSymbol","decl":{"start":{"line":12,"column":16},"end":{"line":12,"column":31}},"loc":{"start":{"line":12,"column":56},"end":{"line":14,"column":1}},"line":12},"1":{"name":"normalizeOrganism","decl":{"start":{"line":20,"column":16},"end":{"line":20,"column":33}},"loc":{"start":{"line":20,"column":60},"end":{"line":22,"column":1}},"line":20},"2":{"name":"getCacheKey","decl":{"start":{"line":27,"column":16},"end":{"line":27,"column":27}},"loc":{"start":{"line":27,"column":94},"end":{"line":29,"column":1}},"line":27},"3":{"name":"isCacheValid","decl":{"start":{"line":34,"column":16},"end":{"line":34,"column":28}},"loc":{"start":{"line":34,"column":98},"end":{"line":36,"column":1}},"line":34},"4":{"name":"toSuperscript","decl":{"start":{"line":46,"column":16},"end":{"line":46,"column":29}},"loc":{"start":{"line":46,"column":51},"end":{"line":48,"column":1}},"line":46},"5":{"name":"(anonymous_5)","decl":{"start":{"line":47,"column":38},"end":{"line":47,"column":39}},"loc":{"start":{"line":47,"column":43},"end":{"line":47,"column":68}},"line":47},"6":{"name":"parseText","decl":{"start":{"line":82,"column":16},"end":{"line":82,"column":25}},"loc":{"start":{"line":82,"column":94},"end":{"line":173,"column":1}},"line":82},"7":{"name":"formatInvokeError","decl":{"start":{"line":180,"column":16},"end":{"line":180,"column":33}},"loc":{"start":{"line":180,"column":73},"end":{"line":198,"column":1}},"line":180}},"branchMap":{"0":{"loc":{"start":{"line":27,"column":62},"end":{"line":27,"column":84}},"type":"default-arg","locations":[{"start":{"line":27,"column":71},"end":{"line":27,"column":84}}],"line":27},"1":{"loc":{"start":{"line":34,"column":47},"end":{"line":34,"column":87}},"type":"default-arg","locations":[{"start":{"line":34,"column":68},"end":{"line":34,"column":87}}],"line":34},"2":{"loc":{"start":{"line":108,"column":6},"end":{"line":112,"column":7}},"type":"if","locations":[{"start":{"line":108,"column":6},"end":{"line":112,"column":7}},{"start":{},"end":{}}],"line":108},"3":{"loc":{"start":{"line":126,"column":4},"end":{"line":164,"column":5}},"type":"if","locations":[{"start":{"line":126,"column":4},"end":{"line":164,"column":5}},{"start":{"line":128,"column":11},"end":{"line":164,"column":5}}],"line":126},"4":{"loc":{"start":{"line":128,"column":11},"end":{"line":164,"column":5}},"type":"if","locations":[{"start":{"line":128,"column":11},"end":{"line":164,"column":5}},{"start":{},"end":{}}],"line":128},"5":{"loc":{"start":{"line":139,"column":8},"end":{"line":145,"column":9}},"type":"if","locations":[{"start":{"line":139,"column":8},"end":{"line":145,"column":9}},{"start":{},"end":{}}],"line":139},"6":{"loc":{"start":{"line":149,"column":6},"end":{"line":163,"column":7}},"type":"if","locations":[{"start":{"line":149,"column":6},"end":{"line":163,"column":7}},{"start":{"line":151,"column":13},"end":{"line":163,"column":7}}],"line":149},"7":{"loc":{"start":{"line":154,"column":10},"end":{"line":156,"column":11}},"type":"if","locations":[{"start":{"line":154,"column":10},"end":{"line":156,"column":11}},{"start":{},"end":{}}],"line":154},"8":{"loc":{"start":{"line":160,"column":8},"end":{"line":162,"column":9}},"type":"if","locations":[{"start":{"line":160,"column":8},"end":{"line":162,"column":9}},{"start":{},"end":{}}],"line":160},"9":{"loc":{"start":{"line":168,"column":2},"end":{"line":170,"column":3}},"type":"if","locations":[{"start":{"line":168,"column":2},"end":{"line":170,"column":3}},{"start":{},"end":{}}],"line":168},"10":{"loc":{"start":{"line":182,"column":25},"end":{"line":182,"column":44}},"type":"binary-expr","locations":[{"start":{"line":182,"column":25},"end":{"line":182,"column":35}},{"start":{"line":182,"column":39},"end":{"line":182,"column":44}}],"line":182},"11":{"loc":{"start":{"line":183,"column":17},"end":{"line":183,"column":48}},"type":"binary-expr","locations":[{"start":{"line":183,"column":17},"end":{"line":183,"column":35}},{"start":{"line":183,"column":39},"end":{"line":183,"column":48}}],"line":183},"12":{"loc":{"start":{"line":185,"column":2},"end":{"line":187,"column":3}},"type":"if","locations":[{"start":{"line":185,"column":2},"end":{"line":187,"column":3}},{"start":{},"end":{}}],"line":185},"13":{"loc":{"start":{"line":188,"column":2},"end":{"line":190,"column":3}},"type":"if","locations":[{"start":{"line":188,"column":2},"end":{"line":190,"column":3}},{"start":{},"end":{}}],"line":188},"14":{"loc":{"start":{"line":191,"column":2},"end":{"line":193,"column":3}},"type":"if","locations":[{"start":{"line":191,"column":2},"end":{"line":193,"column":3}},{"start":{},"end":{}}],"line":191},"15":{"loc":{"start":{"line":194,"column":2},"end":{"line":196,"column":3}},"type":"if","locations":[{"start":{"line":194,"column":2},"end":{"line":196,"column":3}},{"start":{},"end":{}}],"line":194}},"s":{"0":14,"1":11,"2":6,"3":6,"4":2,"5":33,"6":39,"7":2,"8":2,"9":18,"10":18,"11":18,"12":18,"13":18,"14":18,"15":16,"16":16,"17":16,"18":16,"19":19,"20":16,"21":18,"22":16,"23":16,"24":19,"25":18,"26":18,"27":18,"28":19,"29":16,"30":18,"31":18,"32":18,"33":56,"34":56,"35":19,"36":37,"37":24,"38":24,"39":24,"40":9,"41":9,"42":9,"43":8,"44":24,"45":18,"46":6,"47":6,"48":8,"49":8,"50":8,"51":8,"52":6,"53":5,"54":18,"55":0,"56":18,"57":8,"58":8,"59":8,"60":8,"61":2,"62":6,"63":1,"64":5,"65":1,"66":4,"67":1,"68":3},"f":{"0":14,"1":11,"2":6,"3":6,"4":33,"5":39,"6":18,"7":8},"b":{"0":[5],"1":[4],"2":[18,1],"3":[19,37],"4":[24,13],"5":[8,1],"6":[18,6],"7":[8,0],"8":[5,1],"9":[0,18],"10":[8,7],"11":[8,7],"12":[2,6],"13":[1,5],"14":[1,4],"15":[1,3]},"_coverageSchema":"1a1c01bbd47fc00a2c39e90264f33305004495a9","hash":"7a82335535332d8b40116d9863c05db2bffb781b"}
}
