TN:
SF:src/lib/utils.ts
FN:12,normalizeSymbol
FN:20,normalizeOrganism
FN:27,getCacheKey
FN:34,isCacheValid
FN:46,toSuperscript
FN:47,(anonymous_5)
FN:82,parseText
FN:180,formatInvokeError
FNF:8
FNH:8
FNDA:14,normalizeSymbol
FNDA:11,normalizeOrganism
FNDA:6,getCacheKey
FNDA:6,isCacheValid
FNDA:33,toSuperscript
FNDA:39,(anonymous_5)
FNDA:18,parseText
FNDA:8,formatInvokeError
DA:13,14
DA:21,11
DA:28,6
DA:35,6
DA:41,2
DA:47,39
DA:52,2
DA:55,2
DA:83,18
DA:84,18
DA:87,18
DA:88,18
DA:92,18
DA:94,18
DA:95,16
DA:96,16
DA:97,16
DA:98,16
DA:99,19
DA:101,16
DA:105,18
DA:106,16
DA:107,16
DA:108,19
DA:109,18
DA:110,18
DA:111,18
DA:113,19
DA:115,16
DA:119,18
DA:122,18
DA:124,18
DA:125,56
DA:126,56
DA:127,19
DA:128,37
DA:130,24
DA:133,24
DA:135,24
DA:136,9
DA:137,9
DA:139,9
DA:140,8
DA:149,24
DA:150,18
DA:152,6
DA:153,6
DA:154,8
DA:155,8
DA:157,8
DA:158,8
DA:160,6
DA:161,5
DA:168,18
DA:169,0
DA:172,18
DA:181,8
DA:182,8
DA:183,8
DA:185,8
DA:186,2
DA:188,6
DA:189,1
DA:191,5
DA:192,1
DA:194,4
DA:195,1
DA:197,3
LF:68
LH:67
BRDA:27,0,0,5
BRDA:34,1,0,4
BRDA:108,2,0,18
BRDA:108,2,1,1
BRDA:126,3,0,19
BRDA:126,3,1,37
BRDA:128,4,0,24
BRDA:128,4,1,13
BRDA:139,5,0,8
BRDA:139,5,1,1
BRDA:149,6,0,18
BRDA:149,6,1,6
BRDA:154,7,0,8
BRDA:154,7,1,0
BRDA:160,8,0,5
BRDA:160,8,1,1
BRDA:168,9,0,0
BRDA:168,9,1,18
BRDA:182,10,0,8
BRDA:182,10,1,7
BRDA:183,11,0,8
BRDA:183,11,1,7
BRDA:185,12,0,2
BRDA:185,12,1,6
BRDA:188,13,0,1
BRDA:188,13,1,5
BRDA:191,14,0,1
BRDA:191,14,1,4
BRDA:194,15,0,1
BRDA:194,15,1,3
BRF:30
BRH:28
end_of_record
